#
# A fatal error has been detected by the Java Runtime Environment:
#
#  EXCEPTION_ACCESS_VIOLATION (0xc0000005) at pc=0x0000000075b8f797, pid=18056, tid=0x0000000000002f44
#
# JRE version: Java(TM) SE Runtime Environment (8.0_181-b13) (build 1.8.0_181-b13)
# Java VM: Java HotSpot(TM) 64-Bit Server VM (25.181-b13 mixed mode windows-amd64 compressed oops)
# Problematic frame:
# V  [jvm.dll+0x13f797]
#
# Failed to write core dump. Minidumps are not enabled by default on client versions of Windows
#
# If you would like to submit a bug report, please visit:
#   http://bugreport.java.com/bugreport/crash.jsp
#

---------------  T H R E A D  ---------------

Current thread (0x0000000019710000):  JavaThread "HIDCommandExecutionQueue.executor pool-5-thread-1" daemon [_thread_in_vm, id=12100, stack(0x0000000020ce0000,0x0000000020de0000)]

siginfo: ExceptionCode=0xc0000005, reading address 0x0000000000000000

Registers:
RAX=0x0000000000000000, RBX=0x0000000019710000, RCX=0x0000000000000000, RDX=0x00000000198cd9c0
RSP=0x0000000020ddea10, RBP=0x0000000000000000, RSI=0x00000000198cd9c0, RDI=0x0000000000000001
R8 =0x0000000000000000, R9 =0x00000000d7c183b0, R10=0x0000000000000152, R11=0x0000000076264970
R12=0x0000000000000000, R13=0x0000000082a66130, R14=0x0000000082a59518, R15=0x0000000019710000
RIP=0x0000000075b8f797, EFLAGS=0x0000000000010206

Top of Stack: (sp=0x0000000020ddea10)
0x0000000020ddea10:   0000c3a5a12db560 0000000077438d94
0x0000000020ddea20:   0000000000000000 0000000000000000
0x0000000020ddea30:   0000000000000000 0000000180001419
0x0000000020ddea40:   00000000828c6cf0 0000000020ddeb80
0x0000000020ddea50:   0000000000000000 00000000828c6cf0
0x0000000020ddea60:   00000000828c6cf0 000000018000132e
0x0000000020ddea70:   0000000020ddeb70 0000000002b608e2
0x0000000020ddea80:   00000000828c6cf0 0000000180002410
0x0000000020ddea90:   00000000828c6cf0 00000001800012f8
0x0000000020ddeaa0:   0000000000000000 0000000000000000
0x0000000020ddeab0:   0000000000000000 0000000000000000
0x0000000020ddeac0:   0000000000000000 0000000000000000
0x0000000020ddead0:   0000000000000000 0000000000000000
0x0000000020ddeae0:   0000000000000000 0000000000000000
0x0000000020ddeaf0:   0000000000000000 0000000000000000
0x0000000020ddeb00:   0000000000000000 0000000180002410 

Instructions: (pc=0x0000000075b8f797)
0x0000000075b8f777:   00 00 00 30 74 08 48 8b cb e8 1b 40 10 00 c7 83
0x0000000075b8f787:   70 02 00 00 06 00 00 00 40 b7 01 48 85 f6 74 60
0x0000000075b8f797:   48 8b 4d 00 40 32 ff e8 2d 99 f2 ff 48 8b d0 48
0x0000000075b8f7a7:   85 c0 74 4c 40 38 3d bf 41 6d 00 4c 8b 06 74 16 


Register to memory mapping:

RAX=0x0000000000000000 is an unknown value
RBX=0x0000000019710000 is a thread
RCX=0x0000000000000000 is an unknown value
RDX=0x00000000198cd9c0 is an unknown value
RSP=0x0000000020ddea10 is pointing into the stack for thread: 0x0000000019710000
RBP=0x0000000000000000 is an unknown value
RSI=0x00000000198cd9c0 is an unknown value
RDI=0x0000000000000001 is an unknown value
R8 =0x0000000000000000 is an unknown value
R9 =0x00000000d7c183b0 is an oop
[Ljava.lang.Object; 
 - klass: 'java/lang/Object'[]
 - length: 5
R10=0x0000000000000152 is an unknown value
R11=0x0000000076264970 is an unknown value
R12=0x0000000000000000 is an unknown value
R13=0x0000000082a66130 is an oop
java.lang.Class 
 - klass: 'java/lang/Class'
R14=0x0000000082a59518 is an oop
java.lang.reflect.Method 
 - klass: 'java/lang/reflect/Method'
R15=0x0000000019710000 is a thread


Stack: [0x0000000020ce0000,0x0000000020de0000],  sp=0x0000000020ddea10,  free space=1018k
Native frames: (J=compiled Java code, j=interpreted, Vv=VM code, C=native code)

Java frames: (J=compiled Java code, j=interpreted, Vv=VM code)
J 2496  com.sun.jna.Function.invokeInt(I[Ljava/lang/Object;)I (0 bytes) @ 0x00000000032e7c0f [0x00000000032e7bc0+0x4f]
J 3300 C2 com.sun.jna.Function.invoke([Ljava/lang/Object;Ljava/lang/Class;Z)Ljava/lang/Object; (1125 bytes) @ 0x000000000358caac [0x000000000358ca20+0x8c]
J 2964 C2 com.sun.jna.Function.invoke(Ljava/lang/Class;[Ljava/lang/Object;Ljava/util/Map;)Ljava/lang/Object; (526 bytes) @ 0x0000000003485c60 [0x0000000003485040+0xc20]
J 3299 C2 com.sun.jna.Library$Handler.invoke(Ljava/lang/Object;Ljava/lang/reflect/Method;[Ljava/lang/Object;)Ljava/lang/Object; (345 bytes) @ 0x000000000358e22c [0x000000000358e040+0x1ec]
J 4033 C2 edu.cmu.ri.createlab.usb.hid.windows.WindowsHIDDevice.write([B)Ledu/cmu/ri/createlab/usb/hid/HIDWriteStatus; (595 bytes) @ 0x00000000031af5c0 [0x00000000031af100+0x4c0]
J 4046 C2 edu.cmu.ri.createlab.usb.hid.CreateLabHIDCommandStrategy.execute(Ledu/cmu/ri/createlab/usb/hid/HIDDevice;)Ledu/cmu/ri/createlab/usb/hid/HIDCommandResponse; (484 bytes) @ 0x0000000002e29470 [0x0000000002e29360+0x110]
J 4032 C2 edu.cmu.ri.createlab.usb.hid.CreateLabHIDCommandStrategy.execute(Ljava/lang/Object;)Ledu/cmu/ri/createlab/util/commandexecution/CommandResponse; (9 bytes) @ 0x00000000032577e0 [0x00000000032577a0+0x40]
J 4009 C2 java.util.concurrent.FutureTask.run()V (126 bytes) @ 0x0000000003753120 [0x0000000003753060+0xc0]
j  java.util.concurrent.ThreadPoolExecutor.runWorker(Ljava/util/concurrent/ThreadPoolExecutor$Worker;)V+95
j  java.util.concurrent.ThreadPoolExecutor$Worker.run()V+5
j  java.lang.Thread.run()V+11
v  ~StubRoutines::call_stub

---------------  P R O C E S S  ---------------

Java Threads: ( => current thread )
  0x0000000022c54000 JavaThread "AWT-Shutdown" [_thread_blocked, id=11796, stack(0x000000001fe00000,0x000000001ff00000)]
  0x0000000022c57000 JavaThread "DestroyJavaVM" [_thread_blocked, id=18124, stack(0x0000000002860000,0x0000000002960000)]
  0x0000000019710800 JavaThread "Prism Font Disposer" daemon [_thread_blocked, id=19172, stack(0x00000000222b0000,0x00000000223b0000)]
=>0x0000000019710000 JavaThread "HIDCommandExecutionQueue.executor pool-5-thread-1" daemon [_thread_in_vm, id=12100, stack(0x0000000020ce0000,0x0000000020de0000)]
  0x000000001970d800 JavaThread "FinchController.peerPingScheduler pool-6-thread-1" daemon [_thread_blocked, id=14856, stack(0x000000001f400000,0x000000001f500000)]
  0x0000000019712000 JavaThread "BaseCreateLabDeviceConnectivityManager.executorService pool-1-thread-1" daemon [_thread_blocked, id=12200, stack(0x0000000020be0000,0x0000000020ce0000)]
  0x000000001970e800 JavaThread "DatasetPlotter.executorService pool-4-thread-1" daemon [_thread_blocked, id=17580, stack(0x0000000020ae0000,0x0000000020be0000)]
  0x000000001970f000 JavaThread "DatasetPlotter.executorService pool-3-thread-1" daemon [_thread_blocked, id=11772, stack(0x00000000209e0000,0x0000000020ae0000)]
  0x00000000198a9000 JavaThread "DatasetPlotter.executorService pool-2-thread-1" daemon [_thread_blocked, id=14308, stack(0x00000000207e0000,0x00000000208e0000)]
  0x0000000019812800 JavaThread "Java2D Disposer" daemon [_thread_blocked, id=1692, stack(0x000000001f300000,0x000000001f400000)]
  0x0000000019744000 JavaThread "Thread-2" daemon [_thread_in_native, id=10216, stack(0x000000001edc0000,0x000000001eec0000)]
  0x00000000196d4800 JavaThread "Thread-1" daemon [_thread_blocked, id=18316, stack(0x000000001a2f0000,0x000000001a3f0000)]
  0x0000000018d26000 JavaThread "Service Thread" daemon [_thread_blocked, id=14716, stack(0x0000000019450000,0x0000000019550000)]
  0x0000000018cfa000 JavaThread "C1 CompilerThread2" daemon [_thread_blocked, id=8724, stack(0x0000000019350000,0x0000000019450000)]
  0x0000000018cab800 JavaThread "C2 CompilerThread1" daemon [_thread_blocked, id=16244, stack(0x0000000019250000,0x0000000019350000)]
  0x0000000018ca8800 JavaThread "C2 CompilerThread0" daemon [_thread_blocked, id=10168, stack(0x0000000019150000,0x0000000019250000)]
  0x0000000018ca6800 JavaThread "Monitor Ctrl-Break" daemon [_thread_in_native, id=15080, stack(0x0000000019050000,0x0000000019150000)]
  0x00000000175fb800 JavaThread "Attach Listener" daemon [_thread_blocked, id=3476, stack(0x0000000018b50000,0x0000000018c50000)]
  0x0000000017609000 JavaThread "Signal Dispatcher" daemon [_thread_blocked, id=19388, stack(0x0000000018a50000,0x0000000018b50000)]
  0x0000000002b5c800 JavaThread "Finalizer" daemon [_thread_blocked, id=15728, stack(0x0000000018850000,0x0000000018950000)]
  0x0000000002b53000 JavaThread "Reference Handler" daemon [_thread_blocked, id=8040, stack(0x0000000018750000,0x0000000018850000)]

Other Threads:
  0x00000000175c8000 VMThread [stack: 0x0000000018650000,0x0000000018750000] [id=14824]
  0x0000000018d07800 WatcherThread [stack: 0x0000000019550000,0x0000000019650000] [id=18912]

VM state:synchronizing (normal execution)

VM Mutex/Monitor currently owned by a thread:  ([mutex/lock_event])
[0x000000000105e5f0] Threads_lock - owner thread: 0x00000000175c8000

Heap:
 PSYoungGen      total 37888K, used 32874K [0x00000000d6300000, 0x00000000d8d00000, 0x0000000100000000)
  eden space 32768K, 85% used [0x00000000d6300000,0x00000000d7e4de18,0x00000000d8300000)
  from space 5120K, 95% used [0x00000000d8300000,0x00000000d87ccaa0,0x00000000d8800000)
  to   space 5120K, 0% used [0x00000000d8800000,0x00000000d8800000,0x00000000d8d00000)
 ParOldGen       total 64512K, used 7922K [0x0000000082800000, 0x0000000086700000, 0x00000000d6300000)
  object space 64512K, 12% used [0x0000000082800000,0x0000000082fbc9b0,0x0000000086700000)
 Metaspace       used 23924K, capacity 24756K, committed 24960K, reserved 1071104K
  class space    used 3185K, capacity 3391K, committed 3456K, reserved 1048576K

Card table byte_map: [0x0000000011f20000,0x0000000012310000] byte_map_base: 0x0000000011b0c000

Marking Bits: (ParMarkBitMap*) 0x0000000076272d00
 Begin Bits: [0x00000000129b0000, 0x0000000014910000)
 End Bits:   [0x0000000014910000, 0x0000000016870000)

Polling page: 0x0000000000e00000

CodeCache: size=245760Kb used=11626Kb max_used=12213Kb free=234133Kb
 bounds [0x0000000002b60000, 0x0000000003760000, 0x0000000011b60000]
 total_blobs=4429 nmethods=3680 adapters=659
 compilation: enabled

Compilation events (10 events):
Event: 4502.292 Thread 0x0000000018cfa000 4066       3       java.util.concurrent.locks.AbstractQueuedSynchronizer::release (33 bytes)
Event: 4502.293 Thread 0x0000000018cfa000 nmethod 4066 0x0000000002d7fbd0 code [0x0000000002d7fd40, 0x0000000002d80058]
Event: 4502.293 Thread 0x0000000018cfa000 4065       3       java.util.concurrent.locks.ReentrantLock$Sync::tryRelease (45 bytes)
Event: 4502.294 Thread 0x0000000018cfa000 nmethod 4065 0x0000000003270d90 code [0x0000000003270f20, 0x00000000032714c8]
Event: 4502.294 Thread 0x0000000018cfa000 4063       3       java.util.concurrent.locks.ReentrantLock$NonfairSync::tryAcquire (6 bytes)
Event: 4502.296 Thread 0x0000000018ca8800 nmethod 4067 0x00000000031698d0 code [0x0000000003169a20, 0x0000000003169b38]
Event: 4502.297 Thread 0x0000000018cfa000 nmethod 4063 0x00000000030dcfd0 code [0x00000000030dd140, 0x00000000030dd348]
Event: 4502.299 Thread 0x0000000018ca8800 4069       4       java.util.concurrent.ScheduledThreadPoolExecutor$DelayedWorkQueue::take (5 bytes)
Event: 4502.503 Thread 0x0000000018cab800 nmethod 4068 0x00000000031b6790 code [0x00000000031b6a20, 0x00000000031b8058]
Event: 4502.519 Thread 0x0000000018ca8800 nmethod 4069 0x0000000003222550 code [0x00000000032227e0, 0x0000000003223e18]

GC Heap History (8 events):
Event: 7.418 GC heap before
{Heap before GC invocations=1 (full 0):
 PSYoungGen      total 37888K, used 32768K [0x00000000d6300000, 0x00000000d8d00000, 0x0000000100000000)
  eden space 32768K, 100% used [0x00000000d6300000,0x00000000d8300000,0x00000000d8300000)
  from space 5120K, 0% used [0x00000000d8800000,0x00000000d8800000,0x00000000d8d00000)
  to   space 5120K, 0% used [0x00000000d8300000,0x00000000d8300000,0x00000000d8800000)
 ParOldGen       total 86016K, used 0K [0x0000000082800000, 0x0000000087c00000, 0x00000000d6300000)
  object space 86016K, 0% used [0x0000000082800000,0x0000000082800000,0x0000000087c00000)
 Metaspace       used 13924K, capacity 14310K, committed 14592K, reserved 1062912K
  class space    used 1677K, capacity 1786K, committed 1792K, reserved 1048576K
Event: 7.438 GC heap after
Heap after GC invocations=1 (full 0):
 PSYoungGen      total 37888K, used 3655K [0x00000000d6300000, 0x00000000d8d00000, 0x0000000100000000)
  eden space 32768K, 0% used [0x00000000d6300000,0x00000000d6300000,0x00000000d8300000)
  from space 5120K, 71% used [0x00000000d8300000,0x00000000d8691ed0,0x00000000d8800000)
  to   space 5120K, 0% used [0x00000000d8800000,0x00000000d8800000,0x00000000d8d00000)
 ParOldGen       total 86016K, used 80K [0x0000000082800000, 0x0000000087c00000, 0x00000000d6300000)
  object space 86016K, 0% used [0x0000000082800000,0x0000000082814010,0x0000000087c00000)
 Metaspace       used 13924K, capacity 14310K, committed 14592K, reserved 1062912K
  class space    used 1677K, capacity 1786K, committed 1792K, reserved 1048576K
}
Event: 14.290 GC heap before
{Heap before GC invocations=2 (full 0):
 PSYoungGen      total 37888K, used 31947K [0x00000000d6300000, 0x00000000d8d00000, 0x0000000100000000)
  eden space 32768K, 86% used [0x00000000d6300000,0x00000000d7ea1100,0x00000000d8300000)
  from space 5120K, 71% used [0x00000000d8300000,0x00000000d8691ed0,0x00000000d8800000)
  to   space 5120K, 0% used [0x00000000d8800000,0x00000000d8800000,0x00000000d8d00000)
 ParOldGen       total 86016K, used 80K [0x0000000082800000, 0x0000000087c00000, 0x00000000d6300000)
  object space 86016K, 0% used [0x0000000082800000,0x0000000082814010,0x0000000087c00000)
 Metaspace       used 20504K, capacity 21206K, committed 21296K, reserved 1067008K
  class space    used 2761K, capacity 2920K, committed 2944K, reserved 1048576K
Event: 14.333 GC heap after
Heap after GC invocations=2 (full 0):
 PSYoungGen      total 37888K, used 5104K [0x00000000d6300000, 0x00000000d8d00000, 0x0000000100000000)
  eden space 32768K, 0% used [0x00000000d6300000,0x00000000d6300000,0x00000000d8300000)
  from space 5120K, 99% used [0x00000000d8800000,0x00000000d8cfc060,0x00000000d8d00000)
  to   space 5120K, 0% used [0x00000000d8300000,0x00000000d8300000,0x00000000d8800000)
 ParOldGen       total 86016K, used 856K [0x0000000082800000, 0x0000000087c00000, 0x00000000d6300000)
  object space 86016K, 0% used [0x0000000082800000,0x00000000828d6010,0x0000000087c00000)
 Metaspace       used 20504K, capacity 21206K, committed 21296K, reserved 1067008K
  class space    used 2761K, capacity 2920K, committed 2944K, reserved 1048576K
}
Event: 14.333 GC heap before
{Heap before GC invocations=3 (full 1):
 PSYoungGen      total 37888K, used 5104K [0x00000000d6300000, 0x00000000d8d00000, 0x0000000100000000)
  eden space 32768K, 0% used [0x00000000d6300000,0x00000000d6300000,0x00000000d8300000)
  from space 5120K, 99% used [0x00000000d8800000,0x00000000d8cfc060,0x00000000d8d00000)
  to   space 5120K, 0% used [0x00000000d8300000,0x00000000d8300000,0x00000000d8800000)
 ParOldGen       total 86016K, used 856K [0x0000000082800000, 0x0000000087c00000, 0x00000000d6300000)
  object space 86016K, 0% used [0x0000000082800000,0x00000000828d6010,0x0000000087c00000)
 Metaspace       used 20504K, capacity 21206K, committed 21296K, reserved 1067008K
  class space    used 2761K, capacity 2920K, committed 2944K, reserved 1048576K
Event: 14.517 GC heap after
Heap after GC invocations=3 (full 1):
 PSYoungGen      total 37888K, used 0K [0x00000000d6300000, 0x00000000d8d00000, 0x0000000100000000)
  eden space 32768K, 0% used [0x00000000d6300000,0x00000000d6300000,0x00000000d8300000)
  from space 5120K, 0% used [0x00000000d8800000,0x00000000d8800000,0x00000000d8d00000)
  to   space 5120K, 0% used [0x00000000d8300000,0x00000000d8300000,0x00000000d8800000)
 ParOldGen       total 64512K, used 5866K [0x0000000082800000, 0x0000000086700000, 0x00000000d6300000)
  object space 64512K, 9% used [0x0000000082800000,0x0000000082dba9a0,0x0000000086700000)
 Metaspace       used 20504K, capacity 21206K, committed 21296K, reserved 1067008K
  class space    used 2761K, capacity 2920K, committed 2944K, reserved 1048576K
}
Event: 722.430 GC heap before
{Heap before GC invocations=4 (full 1):
 PSYoungGen      total 37888K, used 32768K [0x00000000d6300000, 0x00000000d8d00000, 0x0000000100000000)
  eden space 32768K, 100% used [0x00000000d6300000,0x00000000d8300000,0x00000000d8300000)
  from space 5120K, 0% used [0x00000000d8800000,0x00000000d8800000,0x00000000d8d00000)
  to   space 5120K, 0% used [0x00000000d8300000,0x00000000d8300000,0x00000000d8800000)
 ParOldGen       total 64512K, used 5866K [0x0000000082800000, 0x0000000086700000, 0x00000000d6300000)
  object space 64512K, 9% used [0x0000000082800000,0x0000000082dba9a0,0x0000000086700000)
 Metaspace       used 23666K, capacity 24458K, committed 24704K, reserved 1071104K
  class space    used 3149K, capacity 3344K, committed 3456K, reserved 1048576K
Event: 722.489 GC heap after
Heap after GC invocations=4 (full 1):
 PSYoungGen      total 37888K, used 4914K [0x00000000d6300000, 0x00000000d8d00000, 0x0000000100000000)
  eden space 32768K, 0% used [0x00000000d6300000,0x00000000d6300000,0x00000000d8300000)
  from space 5120K, 95% used [0x00000000d8300000,0x00000000d87ccaa0,0x00000000d8800000)
  to   space 5120K, 0% used [0x00000000d8800000,0x00000000d8800000,0x00000000d8d00000)
 ParOldGen       total 64512K, used 7922K [0x0000000082800000, 0x0000000086700000, 0x00000000d6300000)
  object space 64512K, 12% used [0x0000000082800000,0x0000000082fbc9b0,0x0000000086700000)
 Metaspace       used 23666K, capacity 24458K, committed 24704K, reserved 1071104K
  class space    used 3149K, capacity 3344K, committed 3456K, reserved 1048576K
}

Deoptimization events (10 events):
Event: 2330.372 Thread 0x0000000019877800 Uncommon trap: reason=unstable_if action=reinterpret pc=0x0000000002d28500 method=java.util.concurrent.locks.ReentrantLock$Sync.tryRelease(I)Z @ 28
Event: 2334.828 Thread 0x0000000022c51000 Uncommon trap: reason=unstable_if action=reinterpret pc=0x0000000002f200ac method=java.util.concurrent.locks.ReentrantLock$Sync.tryRelease(I)Z @ 28
Event: 2335.341 Thread 0x0000000019877800 Uncommon trap: reason=unstable_if action=reinterpret pc=0x000000000300cf80 method=java.util.concurrent.locks.ReentrantLock$Sync.tryRelease(I)Z @ 28
Event: 2335.497 Thread 0x0000000022c55800 Uncommon trap: reason=bimorphic action=maybe_recompile pc=0x000000000314d7b0 method=java.util.HashMap.putVal(ILjava/lang/Object;Ljava/lang/Object;ZZ)Ljava/lang/Object; @ 203
Event: 2335.532 Thread 0x0000000022c55800 Uncommon trap: reason=bimorphic action=maybe_recompile pc=0x000000000314d7b0 method=java.util.HashMap.putVal(ILjava/lang/Object;Ljava/lang/Object;ZZ)Ljava/lang/Object; @ 203
Event: 2335.532 Thread 0x0000000022c55800 Uncommon trap: reason=bimorphic action=maybe_recompile pc=0x000000000314d7b0 method=java.util.HashMap.putVal(ILjava/lang/Object;Ljava/lang/Object;ZZ)Ljava/lang/Object; @ 203
Event: 2335.532 Thread 0x0000000022c55800 Uncommon trap: reason=bimorphic action=maybe_recompile pc=0x000000000314d7b0 method=java.util.HashMap.putVal(ILjava/lang/Object;Ljava/lang/Object;ZZ)Ljava/lang/Object; @ 203
Event: 2335.532 Thread 0x0000000022c55800 Uncommon trap: reason=bimorphic action=maybe_recompile pc=0x0000000002f008bc method=java.util.HashMap.putVal(ILjava/lang/Object;Ljava/lang/Object;ZZ)Ljava/lang/Object; @ 203
Event: 4501.619 Thread 0x000000001967d000 Uncommon trap: reason=unstable_if action=reinterpret pc=0x000000000370c364 method=java.util.concurrent.locks.AbstractQueuedSynchronizer$ConditionObject.checkInterruptWhileWaiting(Ljava/util/concurrent/locks/AbstractQueuedSynchronizer$Node;)I @ 3
Event: 4501.619 Thread 0x000000001967d000 Uncommon trap: reason=unstable_if action=reinterpret pc=0x000000000334e5a8 method=java.util.concurrent.ThreadPoolExecutor.getTask()Ljava/lang/Runnable; @ 16

Classes redefined (0 events):
No events

Internal exceptions (10 events):
Event: 18.467 Thread 0x00000000196dd000 Exception <a 'java/lang/NullPointerException'> (0x00000000d6d8a688) thrown at [C:\re\workspace\8-2-build-windows-amd64-cygwin\jdk8u181\11358\hotspot\src\share\vm\interpreter\linkResolver.cpp, line 1185]
Event: 18.470 Thread 0x00000000196dd000 Exception <a 'java/lang/NullPointerException'> (0x00000000d6d8a8a0) thrown at [C:\re\workspace\8-2-build-windows-amd64-cygwin\jdk8u181\11358\hotspot\src\share\vm\interpreter\linkResolver.cpp, line 1185]
Event: 18.490 Thread 0x00000000196dd000 Exception <a 'java/lang/NullPointerException'> (0x00000000d6d90028) thrown at [C:\re\workspace\8-2-build-windows-amd64-cygwin\jdk8u181\11358\hotspot\src\share\vm\interpreter\linkResolver.cpp, line 1185]
Event: 18.494 Thread 0x00000000196dd000 Exception <a 'java/lang/NullPointerException'> (0x00000000d6d93ef0) thrown at [C:\re\workspace\8-2-build-windows-amd64-cygwin\jdk8u181\11358\hotspot\src\share\vm\interpreter\linkResolver.cpp, line 1185]
Event: 18.498 Thread 0x00000000196dd000 Exception <a 'java/lang/NullPointerException'> (0x00000000d6d98548) thrown at [C:\re\workspace\8-2-build-windows-amd64-cygwin\jdk8u181\11358\hotspot\src\share\vm\interpreter\linkResolver.cpp, line 1185]
Event: 18.909 Thread 0x000000001967d000 Exception <a 'java/lang/ArrayIndexOutOfBoundsException': -1> (0x00000000d6e19910) thrown at [C:\re\workspace\8-2-build-windows-amd64-cygwin\jdk8u181\11358\hotspot\src\share\vm\interpreter\interpreterRuntime.cpp, line 366]
Event: 18.909 Thread 0x000000001967d000 Exception <a 'java/lang/ArrayIndexOutOfBoundsException'> (0x00000000d6e19b48) thrown at [C:\re\workspace\8-2-build-windows-amd64-cygwin\jdk8u181\11358\hotspot\src\share\vm\runtime\sharedRuntime.cpp, line 605]
Event: 18.909 Thread 0x000000001967d000 Exception <a 'java/lang/ArrayIndexOutOfBoundsException'> (0x00000000d6e19d80) thrown at [C:\re\workspace\8-2-build-windows-amd64-cygwin\jdk8u181\11358\hotspot\src\share\vm\runtime\sharedRuntime.cpp, line 605]
Event: 18.911 Thread 0x000000001967d000 Exception <a 'java/lang/ArrayIndexOutOfBoundsException'> (0x00000000d6e1a3b8) thrown at [C:\re\workspace\8-2-build-windows-amd64-cygwin\jdk8u181\11358\hotspot\src\share\vm\runtime\sharedRuntime.cpp, line 605]
Event: 50.567 Thread 0x000000001967d000 Implicit null exception at 0x00000000035350e5 to 0x000000000353581f

Events (10 events):
Event: 4502.520 loading class java/util/Vector$Itr done
Event: 4502.536 loading class java/lang/ProcessBuilder
Event: 4502.566 loading class java/lang/ProcessBuilder done
Event: 4502.569 loading class java/lang/ProcessImpl
Event: 4502.574 loading class java/lang/Process
Event: 4502.576 loading class java/lang/Process done
Event: 4502.576 loading class java/lang/ProcessImpl done
Event: 4503.119 Thread 0x000000001967d000 Thread exited: 0x000000001967d000
Event: 4503.290 Thread 0x0000000019877800 Thread exited: 0x0000000019877800
Event: 4503.307 Thread 0x0000000022c52800 Thread exited: 0x0000000022c52800


Dynamic libraries:
0x00007ff7c02c0000 - 0x00007ff7c02f7000 	C:\Program Files\Java\jdk1.8.0_181\bin\java.exe
0x00007ffb03240000 - 0x00007ffb03430000 	C:\WINDOWS\SYSTEM32\ntdll.dll
0x00007ffae47b0000 - 0x00007ffae47c4000 	C:\Program Files\AVAST Software\Avast\aswhook.dll
0x00007ffb02960000 - 0x00007ffb02a12000 	C:\WINDOWS\System32\KERNEL32.DLL
0x00007ffb00740000 - 0x00007ffb009e3000 	C:\WINDOWS\System32\KERNELBASE.dll
0x00007ffb012f0000 - 0x00007ffb01393000 	C:\WINDOWS\System32\ADVAPI32.dll
0x00007ffb024d0000 - 0x00007ffb0256e000 	C:\WINDOWS\System32\msvcrt.dll
0x00007ffb02d80000 - 0x00007ffb02e17000 	C:\WINDOWS\System32\sechost.dll
0x00007ffb02c60000 - 0x00007ffb02d80000 	C:\WINDOWS\System32\RPCRT4.dll
0x00007ffb02ea0000 - 0x00007ffb03034000 	C:\WINDOWS\System32\USER32.dll
0x00007ffb009f0000 - 0x00007ffb00a11000 	C:\WINDOWS\System32\win32u.dll
0x00007ffb02320000 - 0x00007ffb02346000 	C:\WINDOWS\System32\GDI32.dll
0x00007ffb005a0000 - 0x00007ffb00734000 	C:\WINDOWS\System32\gdi32full.dll
0x00007ffb00300000 - 0x00007ffb0039e000 	C:\WINDOWS\System32\msvcp_win.dll
0x00007ffb003a0000 - 0x00007ffb0049a000 	C:\WINDOWS\System32\ucrtbase.dll
0x00007ffaf07b0000 - 0x00007ffaf0a35000 	C:\WINDOWS\WinSxS\amd64_microsoft.windows.common-controls_6595b64144ccf1df_6.0.18362.535_none_e6c3b34713100821\COMCTL32.dll
0x00007ffb02570000 - 0x00007ffb028a6000 	C:\WINDOWS\System32\combase.dll
0x00007ffb001d0000 - 0x00007ffb00250000 	C:\WINDOWS\System32\bcryptPrimitives.dll
0x00007ffb02c30000 - 0x00007ffb02c5e000 	C:\WINDOWS\System32\IMM32.DLL
0x00000000773d0000 - 0x00000000774a2000 	C:\Program Files\Java\jdk1.8.0_181\jre\bin\msvcr100.dll
0x0000000075a50000 - 0x00000000762f2000 	C:\Program Files\Java\jdk1.8.0_181\jre\bin\server\jvm.dll
0x00007ffb030b0000 - 0x00007ffb030b8000 	C:\WINDOWS\System32\PSAPI.DLL
0x00007ffafef70000 - 0x00007ffafef79000 	C:\WINDOWS\SYSTEM32\WSOCK32.dll
0x00007ffb03040000 - 0x00007ffb030af000 	C:\WINDOWS\System32\WS2_32.dll
0x00007ffafdca0000 - 0x00007ffafdcc4000 	C:\WINDOWS\SYSTEM32\WINMM.dll
0x00007ffaf62d0000 - 0x00007ffaf62da000 	C:\WINDOWS\SYSTEM32\VERSION.dll
0x00007ffafdc70000 - 0x00007ffafdc9d000 	C:\WINDOWS\SYSTEM32\WINMMBASE.dll
0x00007ffb00550000 - 0x00007ffb0059a000 	C:\WINDOWS\System32\cfgmgr32.dll
0x00000000779a0000 - 0x00000000779af000 	C:\Program Files\Java\jdk1.8.0_181\jre\bin\verify.dll
0x0000000077940000 - 0x0000000077969000 	C:\Program Files\Java\jdk1.8.0_181\jre\bin\java.dll
0x0000000077270000 - 0x0000000077293000 	C:\Program Files\Java\jdk1.8.0_181\jre\bin\instrument.dll
0x00000000777e0000 - 0x00000000777f6000 	C:\Program Files\Java\jdk1.8.0_181\jre\bin\zip.dll
0x00007ffb01820000 - 0x00007ffb01f05000 	C:\WINDOWS\System32\SHELL32.dll
0x00007ffb028b0000 - 0x00007ffb02959000 	C:\WINDOWS\System32\shcore.dll
0x00007ffb00b70000 - 0x00007ffb012ef000 	C:\WINDOWS\System32\windows.storage.dll
0x00007ffb001b0000 - 0x00007ffb001cf000 	C:\WINDOWS\System32\profapi.dll
0x00007ffb00160000 - 0x00007ffb001aa000 	C:\WINDOWS\System32\powrprof.dll
0x00007ffb00110000 - 0x00007ffb00120000 	C:\WINDOWS\System32\UMPDC.dll
0x00007ffb01f10000 - 0x00007ffb01f62000 	C:\WINDOWS\System32\shlwapi.dll
0x00007ffb00140000 - 0x00007ffb00151000 	C:\WINDOWS\System32\kernel.appcore.dll
0x00007ffb004d0000 - 0x00007ffb004e7000 	C:\WINDOWS\System32\cryptsp.dll
0x00007ffae7ce0000 - 0x00007ffae7cfa000 	C:\Program Files\JetBrains\IntelliJ IDEA Community Edition 2018.2.4\bin\breakgen64.dll
0x00000000773b0000 - 0x00000000773ca000 	C:\Program Files\Java\jdk1.8.0_181\jre\bin\net.dll
0x00007ffaff980000 - 0x00007ffaff9e7000 	C:\WINDOWS\system32\mswsock.dll
0x0000000000fa0000 - 0x0000000000fa3000 	C:\Program Files\Java\jdk1.8.0_181\jre\bin\api-ms-win-core-console-l1-1-0.dll
0x0000000000fb0000 - 0x0000000000fb3000 	C:\Program Files\Java\jdk1.8.0_181\jre\bin\api-ms-win-core-datetime-l1-1-0.dll
0x0000000000fc0000 - 0x0000000000fc3000 	C:\Program Files\Java\jdk1.8.0_181\jre\bin\api-ms-win-core-debug-l1-1-0.dll
0x0000000000fd0000 - 0x0000000000fd3000 	C:\Program Files\Java\jdk1.8.0_181\jre\bin\api-ms-win-core-errorhandling-l1-1-0.dll
0x0000000000fe0000 - 0x0000000000fe4000 	C:\Program Files\Java\jdk1.8.0_181\jre\bin\api-ms-win-core-file-l1-1-0.dll
0x0000000000ff0000 - 0x0000000000ff3000 	C:\Program Files\Java\jdk1.8.0_181\jre\bin\api-ms-win-core-file-l1-2-0.dll
0x0000000001010000 - 0x0000000001013000 	C:\Program Files\Java\jdk1.8.0_181\jre\bin\api-ms-win-core-file-l2-1-0.dll
0x0000000001020000 - 0x0000000001023000 	C:\Program Files\Java\jdk1.8.0_181\jre\bin\api-ms-win-core-handle-l1-1-0.dll
0x0000000001030000 - 0x0000000001033000 	C:\Program Files\Java\jdk1.8.0_181\jre\bin\api-ms-win-core-heap-l1-1-0.dll
0x0000000001040000 - 0x0000000001043000 	C:\Program Files\Java\jdk1.8.0_181\jre\bin\api-ms-win-core-interlocked-l1-1-0.dll
0x0000000001060000 - 0x0000000001063000 	C:\Program Files\Java\jdk1.8.0_181\jre\bin\api-ms-win-core-libraryloader-l1-1-0.dll
0x0000000001070000 - 0x0000000001073000 	C:\Program Files\Java\jdk1.8.0_181\jre\bin\api-ms-win-core-localization-l1-2-0.dll
0x0000000001080000 - 0x0000000001083000 	C:\Program Files\Java\jdk1.8.0_181\jre\bin\api-ms-win-core-memory-l1-1-0.dll
0x0000000001090000 - 0x0000000001093000 	C:\Program Files\Java\jdk1.8.0_181\jre\bin\api-ms-win-core-namedpipe-l1-1-0.dll
0x00000000010a0000 - 0x00000000010a3000 	C:\Program Files\Java\jdk1.8.0_181\jre\bin\api-ms-win-core-processenvironment-l1-1-0.dll
0x0000000019e50000 - 0x0000000019e53000 	C:\Program Files\Java\jdk1.8.0_181\jre\bin\api-ms-win-core-processthreads-l1-1-0.dll
0x0000000019e60000 - 0x0000000019e63000 	C:\Program Files\Java\jdk1.8.0_181\jre\bin\api-ms-win-core-processthreads-l1-1-1.dll
0x0000000019e70000 - 0x0000000019e73000 	C:\Program Files\Java\jdk1.8.0_181\jre\bin\api-ms-win-core-profile-l1-1-0.dll
0x0000000019e80000 - 0x0000000019e83000 	C:\Program Files\Java\jdk1.8.0_181\jre\bin\api-ms-win-core-rtlsupport-l1-1-0.dll
0x0000000019e90000 - 0x0000000019e93000 	C:\Program Files\Java\jdk1.8.0_181\jre\bin\api-ms-win-core-string-l1-1-0.dll
0x0000000019ea0000 - 0x0000000019ea3000 	C:\Program Files\Java\jdk1.8.0_181\jre\bin\api-ms-win-core-synch-l1-1-0.dll
0x0000000019eb0000 - 0x0000000019eb3000 	C:\Program Files\Java\jdk1.8.0_181\jre\bin\api-ms-win-core-synch-l1-2-0.dll
0x0000000019ec0000 - 0x0000000019ec3000 	C:\Program Files\Java\jdk1.8.0_181\jre\bin\api-ms-win-core-sysinfo-l1-1-0.dll
0x0000000019ed0000 - 0x0000000019ed3000 	C:\Program Files\Java\jdk1.8.0_181\jre\bin\api-ms-win-core-timezone-l1-1-0.dll
0x0000000019ee0000 - 0x0000000019ee3000 	C:\Program Files\Java\jdk1.8.0_181\jre\bin\api-ms-win-core-util-l1-1-0.dll
0x0000000019ef0000 - 0x0000000019ef3000 	C:\Program Files\Java\jdk1.8.0_181\jre\bin\api-ms-win-crt-conio-l1-1-0.dll
0x0000000019f00000 - 0x0000000019f04000 	C:\Program Files\Java\jdk1.8.0_181\jre\bin\api-ms-win-crt-convert-l1-1-0.dll
0x0000000019f10000 - 0x0000000019f13000 	C:\Program Files\Java\jdk1.8.0_181\jre\bin\api-ms-win-crt-environment-l1-1-0.dll
0x0000000019f20000 - 0x0000000019f23000 	C:\Program Files\Java\jdk1.8.0_181\jre\bin\api-ms-win-crt-filesystem-l1-1-0.dll
0x0000000019f30000 - 0x0000000019f33000 	C:\Program Files\Java\jdk1.8.0_181\jre\bin\api-ms-win-crt-heap-l1-1-0.dll
0x0000000019f40000 - 0x0000000019f43000 	C:\Program Files\Java\jdk1.8.0_181\jre\bin\api-ms-win-crt-locale-l1-1-0.dll
0x0000000019f50000 - 0x0000000019f55000 	C:\Program Files\Java\jdk1.8.0_181\jre\bin\api-ms-win-crt-math-l1-1-0.dll
0x0000000019f60000 - 0x0000000019f65000 	C:\Program Files\Java\jdk1.8.0_181\jre\bin\api-ms-win-crt-multibyte-l1-1-0.dll
0x0000000019f70000 - 0x0000000019f80000 	C:\Program Files\Java\jdk1.8.0_181\jre\bin\api-ms-win-crt-private-l1-1-0.dll
0x0000000019f80000 - 0x0000000019f83000 	C:\Program Files\Java\jdk1.8.0_181\jre\bin\api-ms-win-crt-process-l1-1-0.dll
0x0000000019f90000 - 0x0000000019f94000 	C:\Program Files\Java\jdk1.8.0_181\jre\bin\api-ms-win-crt-runtime-l1-1-0.dll
0x0000000019fa0000 - 0x0000000019fa4000 	C:\Program Files\Java\jdk1.8.0_181\jre\bin\api-ms-win-crt-stdio-l1-1-0.dll
0x0000000019fb0000 - 0x0000000019fb4000 	C:\Program Files\Java\jdk1.8.0_181\jre\bin\api-ms-win-crt-string-l1-1-0.dll
0x0000000019fc0000 - 0x0000000019fc3000 	C:\Program Files\Java\jdk1.8.0_181\jre\bin\api-ms-win-crt-time-l1-1-0.dll
0x0000000019fd0000 - 0x0000000019fd3000 	C:\Program Files\Java\jdk1.8.0_181\jre\bin\api-ms-win-crt-utility-l1-1-0.dll
0x00007ffade840000 - 0x00007ffade936000 	C:\Program Files\Java\jdk1.8.0_181\jre\bin\ucrtbase.dll
0x00007ffae7c30000 - 0x00007ffae7c46000 	C:\Program Files\Java\jdk1.8.0_181\jre\bin\vcruntime140.dll
0x00007ffadff10000 - 0x00007ffadffac000 	C:\Program Files\Java\jdk1.8.0_181\jre\bin\msvcp140.dll
0x00007ffade7e0000 - 0x00007ffade831000 	C:\Program Files\Java\jdk1.8.0_181\jre\bin\concrt140.dll
0x0000000077240000 - 0x0000000077263000 	C:\Program Files\Java\jdk1.8.0_181\jre\bin\prism_d3d.dll
0x00007ffaccfd0000 - 0x00007ffacd197000 	C:\WINDOWS\system32\d3d9.dll
0x00007ffafe180000 - 0x00007ffafe1ad000 	C:\WINDOWS\SYSTEM32\dwmapi.dll
0x00007ffafec50000 - 0x00007ffafec70000 	C:\WINDOWS\SYSTEM32\dxcore.dll
0x00007ffafe090000 - 0x00007ffafe129000 	C:\WINDOWS\system32\uxtheme.dll
0x00007ffb02350000 - 0x00007ffb02414000 	C:\WINDOWS\System32\OLEAUT32.dll
0x00007ffb01ff0000 - 0x00007ffb02146000 	C:\WINDOWS\System32\ole32.dll
0x00007ffb013b0000 - 0x00007ffb01820000 	C:\WINDOWS\System32\SETUPAPI.dll
0x00007ffb004a0000 - 0x00007ffb004c6000 	C:\WINDOWS\System32\bcrypt.dll
0x00000000771f0000 - 0x0000000077239000 	C:\Program Files\Java\jdk1.8.0_181\jre\bin\glass.dll
0x00007ffb021d0000 - 0x00007ffb022a0000 	C:\WINDOWS\System32\COMDLG32.dll
0x00007ffb030c0000 - 0x00007ffb031f5000 	C:\WINDOWS\System32\MSCTF.dll
0x0000000075510000 - 0x00000000756a9000 	C:\Program Files\Java\jdk1.8.0_181\jre\bin\awt.dll
0x00007ffafded0000 - 0x00007ffafdf5f000 	C:\WINDOWS\SYSTEM32\apphelp.dll
0x00007ffaff4f0000 - 0x00007ffaff523000 	C:\WINDOWS\system32\rsaenh.dll
0x00007ffb00030000 - 0x00007ffb00055000 	C:\WINDOWS\SYSTEM32\USERENV.dll
0x00007ffaffb50000 - 0x00007ffaffb5c000 	C:\WINDOWS\SYSTEM32\CRYPTBASE.dll
0x00007ffaff690000 - 0x00007ffaff6ca000 	C:\WINDOWS\SYSTEM32\IPHLPAPI.DLL
0x00007ffb013a0000 - 0x00007ffb013a8000 	C:\WINDOWS\System32\NSI.dll
0x00007ffaf5770000 - 0x00007ffaf5786000 	C:\WINDOWS\SYSTEM32\dhcpcsvc6.DLL
0x00007ffaf5ce0000 - 0x00007ffaf5cfc000 	C:\WINDOWS\SYSTEM32\dhcpcsvc.DLL
0x00007ffaff6d0000 - 0x00007ffaff79a000 	C:\WINDOWS\SYSTEM32\DNSAPI.dll
0x0000000077390000 - 0x00000000773a1000 	C:\Program Files\Java\jdk1.8.0_181\jre\bin\nio.dll
0x0000000180000000 - 0x0000000180037000 	C:\Users\Peter\AppData\Local\Temp\jna2953746872789169378.dll
0x00007ffafe940000 - 0x00007ffafe94e000 	C:\WINDOWS\SYSTEM32\hid.dll
0x00007ffafff10000 - 0x00007ffafff3a000 	C:\WINDOWS\SYSTEM32\DEVOBJ.dll
0x00007ffb004f0000 - 0x00007ffb0054c000 	C:\WINDOWS\System32\WINTRUST.dll
0x00007ffb00120000 - 0x00007ffb00132000 	C:\WINDOWS\System32\MSASN1.dll
0x00007ffb00a20000 - 0x00007ffb00b69000 	C:\WINDOWS\System32\CRYPT32.dll
0x00000000770e0000 - 0x00000000770f4000 	C:\Program Files\Java\jdk1.8.0_181\jre\bin\javafx_font.dll
0x00007ffaf2a40000 - 0x00007ffaf2d3e000 	C:\WINDOWS\SYSTEM32\dwrite.dll
0x00007ffb02420000 - 0x00007ffb024c2000 	C:\WINDOWS\System32\clbcatq.dll
0x00007ffafb1d0000 - 0x00007ffafb37f000 	C:\WINDOWS\SYSTEM32\WindowsCodecs.dll
0x00007ffafce20000 - 0x00007ffafd07b000 	C:\WINDOWS\system32\d3d11.dll
0x00007ffafece0000 - 0x00007ffafedcb000 	C:\WINDOWS\system32\dxgi.dll
0x00000000770c0000 - 0x00000000770d2000 	C:\Program Files\Java\jdk1.8.0_181\jre\bin\prism_common.dll
0x00007ffaf4db0000 - 0x00007ffaf4e4e000 	C:\WINDOWS\System32\TextInputFramework.dll
0x00007ffafb6c0000 - 0x00007ffafb9ea000 	C:\WINDOWS\System32\CoreUIComponents.dll
0x00007ffafdb90000 - 0x00007ffafdc64000 	C:\WINDOWS\System32\CoreMessaging.dll
0x00007ffaff170000 - 0x00007ffaff1a1000 	C:\WINDOWS\SYSTEM32\ntmarta.dll

VM Arguments:
jvm_args: -javaagent:C:\Program Files\JetBrains\IntelliJ IDEA Community Edition 2018.2.4\lib\idea_rt.jar=59707:C:\Program Files\JetBrains\IntelliJ IDEA Community Edition 2018.2.4\bin -Dfile.encoding=UTF-8 
java_command: com.petermarshall.Launcher
java_class_path (initial): C:\Program Files\Java\jdk1.8.0_181\jre\lib\charsets.jar;C:\Program Files\Java\jdk1.8.0_181\jre\lib\deploy.jar;C:\Program Files\Java\jdk1.8.0_181\jre\lib\ext\access-bridge-64.jar;C:\Program Files\Java\jdk1.8.0_181\jre\lib\ext\cldrdata.jar;C:\Program Files\Java\jdk1.8.0_181\jre\lib\ext\dnsns.jar;C:\Program Files\Java\jdk1.8.0_181\jre\lib\ext\jaccess.jar;C:\Program Files\Java\jdk1.8.0_181\jre\lib\ext\jfxrt.jar;C:\Program Files\Java\jdk1.8.0_181\jre\lib\ext\localedata.jar;C:\Program Files\Java\jdk1.8.0_181\jre\lib\ext\nashorn.jar;C:\Program Files\Java\jdk1.8.0_181\jre\lib\ext\sunec.jar;C:\Program Files\Java\jdk1.8.0_181\jre\lib\ext\sunjce_provider.jar;C:\Program Files\Java\jdk1.8.0_181\jre\lib\ext\sunmscapi.jar;C:\Program Files\Java\jdk1.8.0_181\jre\lib\ext\sunpkcs11.jar;C:\Program Files\Java\jdk1.8.0_181\jre\lib\ext\zipfs.jar;C:\Program Files\Java\jdk1.8.0_181\jre\lib\javaws.jar;C:\Program Files\Java\jdk1.8.0_181\jre\lib\jce.jar;C:\Program Files\Java\jdk1.8.0_181\jre\lib\jfr.jar;C:\Program Files\Java\jdk1.8.0_181\jre\lib\jfxswt.jar;C:\Program Files\Java\jdk1.8.0_181\jre\lib\jsse.jar;C:\Program Files\Java\jdk1.8.0_181\jre\lib\management-agent.jar;C:\Program Files\Java\jdk1.8.0_181\jre\lib\plugin.jar;C:\Program Files\Java\jdk1.8.0_181\jre\lib\resources.jar;C:\Program Files\Java\jdk1.8.0_181\jre\lib\rt.jar;C:\Users\Peter\eclipse-workspace\Finch UI\out\production\Finch UI;C:\Users\Peter\Downloads\finch.jar;C:\Program Files\JetBrains\IntelliJ IDEA Community Edition 2018.2.4\lib\idea_rt.jar
Launcher Type: SUN_STANDARD

Environment Variables:
PATH=C:\Program Files (x86)\Common Files\Oracle\Java\javapath;C:\WINDOWS\system32;C:\WINDOWS;C:\WINDOWS\System32\Wbem;C:\WINDOWS\System32\WindowsPowerShell\v1.0\;C:\Program Files\nodejs\;C:\Users\Peter\AppData\Local\atom\bin;C:\Program Files\MongoDB\Server\3.6\bin;C:\Program Files\Git\cmd;C:\Program Files\Heroku\bin;C:\WINDOWS\System32\OpenSSH\;C:\Program Files\SourceGear\Common\DiffMerge\;C:\Program Files\IBM\SPSS\Statistics\25\JRE\bin;C:\Program Files\PuTTY\;C:\Users\Peter\AppData\Local\Programs\Python\Python37-32\Scripts\;C:\Users\Peter\AppData\Local\Programs\Python\Python37-32\;C:\Users\Peter\AppData\Local\Microsoft\WindowsApps;C:\Users\Peter\AppData\Roaming\npm;C:\Program Files\Heroku\bin;C:\Users\Peter\AppData\Local\atom\bin;C:\Program Files\sqlite-tools-win32-x86-3250200;C:\Program Files\Java\jdk1.8.0_181\bin;C:\Users\Peter\Documents\JavaProjects\Football\src;C:\Users\Peter\Documents\CmdPrograms;;C:\Users\Peter\AppData\Local\Microsoft\WindowsApps;C:\Program Files\JetBrains\IntelliJ IDEA 2019.3.1\bin;
USERNAME=Peter
OS=Windows_NT
PROCESSOR_IDENTIFIER=Intel64 Family 6 Model 76 Stepping 4, GenuineIntel



---------------  S Y S T E M  ---------------

OS: Windows 10.0 , 64 bit Build 18362 (10.0.18362.329)

CPU:total 4 (initial active 4) (4 cores per cpu, 1 threads per core) family 6 model 76 stepping 4, cmov, cx8, fxsr, mmx, sse, sse2, sse3, ssse3, sse4.1, sse4.2, popcnt, aes, clmul, erms, 3dnowpref, tsc, tscinvbit

Memory: 4k page, physical 8224016k(1195128k free), swap 15743124k(2553736k free)

vm_info: Java HotSpot(TM) 64-Bit Server VM (25.181-b13) for windows-amd64 JRE (1.8.0_181-b13), built on Jul  7 2018 04:01:33 by "java_re" with MS VC++ 10.0 (VS2010)

time: Tue Jan 14 14:43:59 2020
elapsed time: 4504 seconds (0d 1h 15m 4s)

